>> gui
Fitting range:			 [4, 16]
rms population:			 1
Fitting accuracy:		 10e-6

rms initialization parameter (Random Gaussian Distribution)
 Mean:			 0.07
 Std:			 0.01

                                         Norm of      First-order 
 Iteration  Func-count     f(x)          step          optimality
     0          4         6.15508                           122
     1          8         1.12795         1.0706            2.3      
     2         12        0.400437       0.626131          0.435      
     3         16        0.349478       0.245975         0.0405      
     4         20        0.345521        0.11697          0.153      
     5         24        0.345347          0.012        0.00586      
     6         28        0.345343     0.00206169       0.000172      
     7         32        0.345343    0.000139138       1.01e-06      

Local minimum possible.

lsqcurvefit stopped because the final change in the sum of squares relative to 
its initial value is less than the selected value of the function tolerance.

<stopping criteria details>

X(end-1) (Amplitude) and X(end) (Y-shift):		 4.1977  0.00315898

r =

    1.4369


x =

    0.0694
    4.1977
    0.0032

Elapsed time is 1.874303 seconds.