>> gui
Fitting range:			 [4.500000e+00, 16]
rms population:			 595
Fitting accuracy:		 10e-4

rms initialization parameter (Random Gaussian Distribution)
 Mean:			 0.07
 Std:			 0.02

                                         Norm of      First-order 
 Iteration  Func-count     f(x)          step          optimality
     0        598         0.74563                          9.51
     1       1196         0.73279       0.119617           9.37      
     2       1794        0.730467     0.00172774           1.39      
     3       2392        0.728114      0.0104276            9.4      
     4       2990        0.725778     0.00173184           1.39      
     5       3588        0.723413      0.0105332           9.43      
     6       4186        0.721065      0.0017361           1.38      
     7       4784        0.718687      0.0106425           9.46      
     8       5382        0.716325     0.00174054           1.37      
     9       5980        0.713933      0.0107558           9.49      
    10       6578        0.711558     0.00174516           1.36      
    11       7176        0.709151      0.0108733           9.52      
    12       7774        0.706762     0.00174997           1.36      
    13       8372         0.70434      0.0109952           9.56      
    14       8970        0.701937     0.00175499           1.35      
    15       9568        0.699499      0.0111218           9.59      
    16      10166         0.69708     0.00176022           1.34      
    17      10764        0.694626      0.0112534           9.63      
    18      11362        0.692191     0.00176567           1.33      
    19      11960        0.689719      0.0113902           9.66      
    20      12558        0.687268     0.00177136           1.32      
    21      13156        0.684778      0.0115326            9.7      
    22      13754        0.682309     0.00177731           1.32      
    23      14352        0.679801       0.011681           9.74      
    24      14950        0.677313     0.00178351           1.31      
    25      15548        0.674785      0.0118358           9.79      
    26      16146        0.672278        0.00179            1.3      
    27      16744         0.66973      0.0119974           9.83      
    28      17342        0.667202     0.00179678           1.29      
    29      17940        0.664632      0.0121662           9.87      
    30      18538        0.662084     0.00180388           1.28      
    31      19136        0.659491      0.0123429           9.92      
    32      19734        0.656921     0.00181131           1.28      
    33      20332        0.654304      0.0125279           9.97      
    34      20930         0.65171     0.00181909           1.27      
    35      21528        0.649068      0.0127219             10      
    36      22126         0.64645     0.00182726           1.26      
    37      22724        0.643781      0.0129256           10.1      
    38      23322        0.641137     0.00183583           1.25      
    39      23920        0.638441      0.0131398           10.1      
    40      24518        0.635769     0.00184484           1.24      
    41      25116        0.633043      0.0133654           10.2      
    42      25714        0.630343     0.00185431           1.23      
    43      26312        0.627586      0.0136034           10.3      
    44      26910        0.624855     0.00186429           1.22      
    45      27508        0.622065      0.0138548           10.3      
    46      28106        0.616805        0.10588           10.2      
    47      28704          0.6141     0.00185539           1.21      
    48      29302        0.611335      0.0138906           10.3      
    49      29900        0.608597     0.00186603            1.2      
    50      30498        0.605796       0.014161           10.3      
    51      31096        0.603024     0.00187726           1.19      
    52      31694        0.600186      0.0144478           10.4      
    53      32292        0.597377     0.00188914           1.18      
    54      32890        0.594499      0.0147529           10.5      
    55      33488        0.591652     0.00190173           1.17      
    56      34086         0.58873       0.015078           10.6      
    57      34684        0.585841     0.00191508           1.16      
    58      35282        0.582874      0.0154253           10.7      
    59      35880        0.579941     0.00192927           1.15      
    60      36478        0.576925      0.0157973           10.8      
    61      37076        0.573944     0.00194439           1.14      
    62      37674        0.570875      0.0161969           10.9      
    63      38272        0.567842     0.00196053           1.13      
    64      38870        0.564716      0.0166276             11      
    65      39468        0.561629     0.00197779           1.12      
    66      40066        0.558441      0.0170933           11.1      
    67      40664        0.555294     0.00199632           1.11      
    68      41262        0.552039      0.0175988           11.2      
    69      41860        0.548827     0.00201625            1.1      
    70      42458        0.545499      0.0181497           11.3      
    71      43056        0.542216     0.00203777           1.08      
    72      43654        0.538808       0.018753           11.5      
    73      44252        0.531869      0.0968367           11.3      
    74      44850        0.528577     0.00204019           1.06      
    75      45448        0.525154      0.0191617           11.5      
    76      46046         0.52178     0.00206478           1.05      
    77      46644        0.518263      0.0198741           11.6      
    78      47242        0.514799     0.00209162           1.04      
    79      47840        0.511177      0.0206663           11.8      
    80      48438        0.507613     0.00212105           1.03      
    81      49036        0.503875      0.0215536             12      
    82      49634        0.500199      0.0021535           1.01      
    83      50232        0.496329      0.0225556           12.2      
    84      50830        0.492527     0.00218951              1      
    85      51428        0.488508      0.0236978           12.5      
    86      52026        0.484562     0.00222976          0.986      
    87      52624         0.48037      0.0250141           12.7      
    88      53222        0.476259     0.00227514          0.971      
    89      53820        0.471866      0.0265511             13      
    90      54418        0.467564     0.00232683          0.956      
    91      55016        0.462932      0.0283737           13.4      
    92      55614        0.456671      0.0601818           13.2      
    93      56212         0.45224     0.00236074           0.93      
    94      56810        0.447433      0.0301315           13.6      
    95      57408        0.442742     0.00242835          0.913      
    96      58006        0.437596      0.0327635           14.1      
    97      58604        0.432586      0.0025087          0.895      
    98      59202        0.427011      0.0361053           14.6      
    99      59800        0.421599     0.00260635          0.875      
   100      60398        0.415461       0.040515           15.3      
   101      60996        0.409525     0.00272859          0.852      
   102      61594        0.402605      0.0466501           16.3      
   103      62192        0.395951     0.00288788          0.827      
   104      62790        0.387863      0.0558702           17.5      
   105      63388         0.38015     0.00310774          0.797      
   106      63986         0.37009      0.0715292           19.4      
   107      64584        0.360633     0.00343947           0.76      
   108      65182        0.346413       0.104738           22.7      
   109      65780        0.333459     0.00402326          0.707      
   110      66378        0.304297       0.223725           30.7      
   111      66976         0.25428          0.609           26.7      
   112      67574        0.236505     0.00470981          0.529      
   113      68172       0.0864806        1.24731           1.93      
   114      68770       0.0804675       0.520626           1.79      
   115      69368       0.0783659      0.0798818           1.75      
   116      69966       0.0772118      0.0546316           1.72      
   117      70564       0.0771333    0.000317907         0.0787      

Local minimum possible.

lsqcurvefit stopped because the final change in the sum of squares relative to 
its initial value is less than the selected value of the function tolerance.

<stopping criteria details>

X(end-1) (Amplitude) and X(end) (Y-shift):		 26.4157  -0.039747

r =

    1.5222
    1.5145
    2.8484
    3.5893
    4.7989
    5.2984
    4.8790
    3.6868
    5.9005
    5.7588
    6.4036
    7.1799
    6.0510
    5.9611
    6.6481
    7.2561
    2.8465
    3.5939
    4.8236
    5.3400
    4.9027
    3.6820
    5.9342
    5.7626
    6.5411
    6.6498
    6.0713
    6.7012
    7.2729
    5.9936
    6.6011
    6.6565
    1.8489
    1.8448
    2.5191
    3.2718
    3.4220
    4.5115
    5.2848
    5.2522
    4.3150
    5.2797
    4.9217
    5.5945
    6.6914
    6.5715
    6.7981
    6.9950
    7.7553
    3.2540
    3.4182
    4.5319
    5.3216
    5.2633
    4.2970
    5.3174
    4.9252
    5.7410
    6.0944
    6.5797
    7.0245
    7.7649
    6.8157
    6.4780
    6.5574
    2.7976
    2.7899
    3.2956
    4.2352
    5.1912
    5.3320
    4.6680
    3.5853
    6.4257
    6.5871
    6.7149
    7.7063
    5.5467
    5.2661
    5.9277
    6.9222
    3.3011
    4.2525
    5.2392
    5.4003
    4.7131
    3.5920
    6.4927
    6.6187
    6.8869
    7.2170
    5.5902
    6.0164
    6.9641
    5.3105
    6.5407
    6.6106
    2.7883
    2.7882
    1.3795
    2.4208
    2.7496
    2.4197
    1.3866
    3.8328
    4.1831
    4.7024
    4.8027
    3.8338
    4.1950
    4.7627
    4.7388
    5.6790
    6.3306
    7.5770
    8.1640
    7.7029
    6.4613
    8.5180
    8.0683
    9.0020
    9.2627
    8.7570
    9.2768
   10.0204
    8.4552
    4.1191
    9.4565
    1.7715
    4.3415
    1.3879
    2.3716
    2.7932
    2.3869
    2.5514
    2.8078
    3.5458
    3.6330
    4.3332
    5.0867
    5.1099
    5.0477
    6.3238
    6.7164
    7.9250
    8.6825
    8.4223
    7.2619
    8.6507
    8.0083
    9.0436
    9.4109
    9.5890
   10.0350
   10.8426
    9.4585
    3.6122
    9.9431
    2.7410
    5.1076
    1.3975
    2.4683
    2.7946
    1.5400
    2.5134
    2.5095
    2.5371
    3.8827
    5.0010
    4.4753
    4.4121
    7.5465
    7.9038
    9.0394
    9.7736
    9.5274
    8.4219
    9.7027
    9.0530
    9.9402
   10.4863
   10.6412
   10.9523
   11.9607
   10.4964
    2.3610
   10.9827
    4.0479
    6.4269
    1.4091
    2.3743
    2.5714
    3.8337
    3.1472
    3.1198
    2.5820
    3.8729
    3.1589
    3.1226
    8.1140
    8.6422
    9.7567
   10.3315
    9.9292
    8.8119
   10.5545
   10.0550
   10.7451
   11.3506
   10.8934
   11.1386
   12.2787
   10.5867
    1.3698
   11.5243
    4.5209
    6.9892
    1.3798
    3.8847
    4.9770
    4.4548
    4.4436
    1.5404
    2.5379
    2.5279
    2.5170
    7.6739
    8.4040
    9.5364
    9.9563
    9.3769
    8.2120
   10.5105
   10.1683
   10.7776
   11.2918
   10.2137
   10.5080
   11.6037
    9.7369
    2.4034
   11.1647
    4.0437
    6.4952
    4.3346
    5.0721
    5.0561
    5.1090
    2.5449
    2.8141
    3.5805
    3.5813
    6.4640
    7.2725
    8.4594
    8.8693
    8.2465
    7.0172
    9.5091
    9.2039
    9.9134
   10.2629
    9.1165
    9.5486
   10.4508
    8.6271
    3.6334
   10.1240
    2.7451
    5.1907
    1.5104
    1.5250
    1.5225
    5.1499
    6.4135
    5.5393
    5.4661
    8.4750
    8.6165
    9.6828
   10.5474
   10.4773
    9.4541
   10.1300
    9.3216
   10.2713
   10.9054
   11.6736
   11.9256
   12.9662
   11.6767
    2.8415
   11.7047
    5.2825
    7.4695
    2.4190
    2.4477
    6.3853
    7.4996
    6.8695
    6.7664
    8.0655
    8.0157
    9.0733
   10.0879
   10.1762
    9.1904
    9.3566
    8.3822
    9.5749
   10.0918
   11.4924
   11.8278
   12.6801
   11.6434
    4.3266
   11.2402
    5.2259
    7.1090
    2.5054
    5.5379
    6.8717
    5.5093
    6.0113
    8.8331
    8.8865
    9.7979
   10.6121
   10.6140
    9.7300
   10.1617
    9.4368
   10.0734
   10.9587
   11.7583
   11.8173
   13.1059
   11.8501
    3.0409
   11.6622
    6.1728
    8.0875
    5.4742
    6.8327
    5.9562
    5.3585
    9.8231
   10.0085
   11.1205
   11.9962
   11.8861
   10.8081
   11.5682
   10.7011
   11.7542
   12.3297
   13.0709
   13.3639
   14.3567
   12.9967
    2.9359
   13.1788
    6.2898
    8.6828
    1.5434
    1.5154
    1.5346
    8.7286
    9.5720
   10.6527
   10.9221
   10.2138
    9.0814
   11.7128
   11.4910
   11.9286
   12.4923
   10.8729
   11.0892
   12.2944
   10.2355
    2.9099
   12.0845
    5.2793
    7.6036
    2.4419
    2.4784
    8.4176
    9.4305
   10.4992
   10.6090
    9.7344
    8.5870
   11.7046
   11.6306
   12.0099
   12.4482
   10.2373
   10.5234
   11.6184
    9.4185
    4.4248
   11.7635
    5.2218
    7.2923
    2.5167
    9.2008
    9.9816
   10.9303
   11.1259
   10.4542
    9.4573
   11.9469
   11.8145
   11.9728
   12.7467
   11.0285
   11.0360
   12.5152
   10.4481
    3.0682
   12.1876
    6.2429
    8.3164
    9.9999
   10.8289
   11.9713
   12.3067
   11.6072
   10.4232
   12.9989
   12.6721
   13.2676
   13.7734
   12.2976
   12.5752
   13.6875
   11.6249
    3.0465
   13.5041
    6.2069
    8.7344
    1.3710
    2.4156
    2.7545
    2.4220
    1.3811
    3.8279
    4.1784
    4.7488
    4.3802
    3.8319
    4.7630
    4.7427
    4.2158
    9.3837
    4.1212
    4.3475
    1.7801
    1.3882
    2.3811
    2.7933
    2.3808
    2.5505
    2.8130
    3.5892
    3.1497
    4.3293
    5.0973
    5.0486
    5.0998
    9.8650
    3.6576
    5.1100
    2.7387
    1.4081
    2.4698
    2.7970
    1.5466
    2.5354
    2.5301
    2.0751
    3.8824
    4.4590
    4.4104
    5.0131
   10.9243
    2.4310
    6.4430
    4.0481
    1.4063
    2.3848
    2.5928
    3.8696
    3.1673
    2.8752
    2.5740
    3.1376
    3.1058
    3.8760
   11.4924
    1.3683
    7.0234
    4.5321
    1.3925
    3.8974
    4.9991
    4.4799
    4.2212
    1.5364
    2.5206
    2.5190
    2.5481
   11.1179
    2.3413
    6.5195
    4.0526
    4.3434
    5.0817
    5.1018
    4.7962
    2.5522
    3.5939
    3.5981
    2.8391
   10.0528
    3.6056
    5.1930
    2.7429
    1.5279
    1.5325
    0.8284
    5.1644
    5.5402
    5.4696
    6.4357
   11.6602
    2.9750
    7.4851
    5.2761
    2.4513
    1.9255
    6.4094
    6.8768
    6.7919
    7.5313
   11.1459
    4.4712
    7.0929
    5.2090
    1.9050
    5.5538
    5.5062
    5.9928
    6.9077
   11.7369
    3.1500
    8.2139
    6.2457
    5.3695
    5.7852
    5.4412
    6.7032
   12.4686
    2.9885
    8.1600
    5.8438
    1.5227
    1.5440
    1.5410
   12.0451
    2.8004
    7.6267
    5.2832
    2.5153
    2.4622
   12.1846
    2.9449
    8.3794
    6.2691
    2.4814
   13.4664
    2.9094
    8.7472
    6.2046
   11.7437
    4.3214
    7.3348
    5.2500
   12.6384
    5.8904
    8.3282
    8.3720
    5.8980
    2.7683


x =

    0.0559
    0.0654
    0.0856
    0.1085
    0.1613
    0.0734
    0.0401
    0.0551
    0.1168
    0.0697
    0.2282
    0.1097
    0.0572
    0.0687
    0.1034
    0.1162
    0.0752
    0.0828
    0.0674
    0.0683
    0.0414
    0.0705
    0.0923
    0.0718
    0.0742
    0.0783
    0.0823
    0.0661
    0.0707
    0.0807
    0.0716
    0.0862
    0.0805
    0.0723
    0.0595
    0.0933
    0.1350
    0.0458
    0.0812
    0.0835
    0.1219
    0.0796
    0.0597
    0.0914
    0.1089
    0.1078
    0.0514
    0.0647
    0.2572
    0.1282
    0.0900
    0.0987
    0.0849
    0.1942
    0.1404
    0.0853
    0.0835
    0.0943
    0.0681
    0.0645
    0.0981
    0.0696
    0.2105
    0.0690
    0.0805
    0.0688
    0.1201
    0.0715
    0.0932
    0.0810
    0.0612
    0.0897
    0.0981
    0.0559
    0.1026
    0.0718
    0.0769
    0.0844
    0.0964
    0.1094
    0.0616
    0.0879
    0.1022
    0.1019
    0.0456
    0.0852
    0.1072
    0.0972
    0.0760
    0.0559
    0.1034
    0.0793
    0.2058
    0.0423
    0.0803
    0.1205
    0.0554
    0.0718
    0.0757
    0.0545
    0.0539
    0.1105
    0.0632
    0.0618
    0.0730
    0.1210
    0.1009
    0.0962
    0.0664
    0.0836
    0.0824
    0.1044
    0.0868
    0.0777
    0.1018
    0.1458
    0.0737
    0.0860
    0.3252
    0.0551
    0.0488
    0.0533
    0.0923
    0.0905
    0.0902
    0.0865
    0.0762
    0.1795
    0.0577
    0.1359
    0.0675
    0.0851
    0.0697
    0.0952
    0.0570
    0.0829
    0.1168
    0.0697
    0.1857
    0.1679
    0.0661
    0.0957
    0.0745
    0.0578
    0.0644
    0.1323
    0.1055
    0.1144
    0.3271
    0.0643
    0.0684
    0.0961
    0.1038
    0.0759
    0.1514
    0.0927
    0.0838
    0.0787
    0.0857
    0.1062
    0.0709
    0.0846
    0.0622
    0.0607
    0.0444
    0.0609
    0.0573
    0.0461
    0.0433
    0.1073
    0.0777
    0.1031
    0.0875
    0.0681
    0.1119
    0.0840
    0.0910
    0.1423
    0.0712
    0.1257
    0.0556
    0.1076
    0.1272
    0.0897
    0.3513
    0.0803
    0.0994
    0.0653
    0.0839
    0.0758
    0.1028
    0.0689
    0.0695
    0.0972
    0.0827
    0.0428
    0.0671
    0.1302
    0.0958
    0.2766
    0.1175
    0.1088
    0.0673
    0.1298
    0.0640
    0.0984
    0.1018
    0.0455
    0.0772
    0.1195
    0.0409
    0.0528
    0.1037
    0.0683
    0.0664
    0.1194
    0.0570
    0.0681
    0.0506
    0.1002
    0.0846
    0.1015
    0.0758
    0.0789
    0.0511
    0.0720
    0.0415
    0.3223
    0.1174
    0.6256
    0.3293
    0.1151
    0.1006
    0.0940
    0.0401
    0.0462
    0.0834
    0.0932
    0.1396
    0.1616
    0.0825
    0.0402
    0.0660
    0.0541
    0.1272
    0.0986
    0.1696
    0.0913
    0.0571
    0.0697
    0.0844
    0.1192
    0.1309
    0.1017
    0.1005
    0.0831
    0.0988
    0.0808
    0.1179
    0.0983
    0.1215
    0.0661
    0.0432
    0.3645
    0.0504
    0.1402
    0.0488
    0.1071
    0.0803
    0.1709
    0.0759
    0.0609
    0.0601
    0.0960
    0.0598
    0.0765
    0.1068
    0.1273
    0.1218
    0.0919
    0.0993
    0.0403
    0.1203
    0.1139
    0.1042
    0.0994
    0.1123
    0.1056
    0.0880
    0.1088
    0.1040
    0.1059
    0.0880
    0.0855
    0.1280
    0.0406
    0.0653
    0.0924
    0.0904
    0.0491
    0.0770
    0.2703
    0.0757
    0.0865
    0.3541
    0.1116
    0.0461
    0.1017
    0.0947
    0.3630
    0.1052
    0.0718
    0.1157
    0.0848
    0.0837
    0.0884
    0.0400
    0.0734
    0.1042
    0.0887
    0.0604
    0.0728
    0.0728
    0.0617
    0.0400
    0.0881
    0.1006
    0.1388
    0.1189
    0.0875
    0.1054
    0.1302
    0.1232
    0.1038
    0.1458
    0.1301
    0.0440
    0.1383
    0.0633
    0.1473
    0.0458
    0.0726
    0.0419
    0.0982
    0.0598
    0.1097
    0.0913
    0.1025
    0.0694
    0.1000
    0.4414
    0.0707
    0.1242
    0.0535
    0.0879
    0.0711
    0.0516
    0.1206
    0.5962
    0.5387
    0.0632
    0.1080
    0.2109
    0.1262
    0.0655
    0.0533
    0.0598
    0.1339
    0.0732
    0.1277
    0.1162
    0.0745
    0.0682
    0.1136
    0.0638
    0.4324
    0.1071
    0.1267
    0.1097
    0.0715
    0.1097
    0.0998
    0.0823
    0.0766
    0.1072
    0.0530
    0.0605
    0.1149
    0.1155
    0.3513
    0.1226
    0.1122
    0.1494
    0.0851
    0.0965
    0.4187
    0.1076
    0.0870
    0.0841
    0.1013
    0.1040
    0.1028
    0.1363
    0.0758
    0.1037
    0.0705
    0.0425
    0.0972
    0.1081
    0.1234
    0.0555
    0.1357
    0.0729
    0.0946
    0.0879
    0.4829
    0.3921
    0.0858
    0.1320
    0.0859
    0.0404
    0.0621
    0.0540
    0.1285
    0.1302
    0.0416
    0.1098
    0.0555
    0.1002
    0.0791
    0.1095
    0.0828
    0.0407
    0.0500
    0.0494
    0.0969
    0.0536
    0.1181
    0.0761
    0.0867
    0.0770
    0.1051
    0.0758
    0.0609
    0.0750
    0.0457
    0.0666
    0.0669
    0.1307
    0.0824
    0.1058
    0.0751
    0.0704
    0.0741
    0.1090
    0.0969
    0.0744
    0.2032
    0.0597
    0.0787
    0.0852
    0.0754
    0.0766
    0.0863
    0.0888
    0.1030
    0.0607
    0.0797
    0.0894
    0.0787
    0.0920
    0.1047
    0.0681
    0.0996
    0.0974
    0.0762
    0.0618
    0.0678
    0.0679
    0.0618
    0.0783
    0.0662
    0.0513
    0.1057
    0.0871
    0.0678
    0.1053
    0.0810
    0.0822
    0.0589
    0.0587
    0.0864
    0.0977
    0.0644
    0.0760
    0.0612
    0.0840
    0.1277
    0.0892
    0.0534
    0.0638
    0.0855
    0.0859
    0.1061
    0.0690
    0.0418
    0.0686
    0.1051
    0.1161
    0.0530
    0.0615
    0.0704
    0.0694
    0.0832
    0.0690
    0.0926
    0.0708
    0.1316
    0.1689
    0.0760
    0.0802
    0.0606
    0.1218
    0.0777
    0.1093
    0.1012
    0.0522
    0.0983
    0.0806
    0.0560
    0.0475
    0.0440
    0.0841
    0.0547
    0.0527
    0.0691
    0.1365
    0.0944
    0.1200
    0.0821
    0.0682
    0.0943
    0.0781
    0.0578
    0.0589
    0.1222
    0.3819
    0.0830
    0.1265
    0.0779
    0.0782
    0.0679
    0.0424
    0.0560
    0.0515
    0.1073
    0.0961
    0.1266
    0.0661
    0.0527
    0.1061
    0.0721
    0.0762
    0.1084
    0.0767
    0.1525
    0.0908
    0.0669
    0.0676
    0.0598
    0.1069
    0.0607
    0.0868
    0.0754
    0.0621
    0.0596
    0.0570
    0.0769
    0.1156
    0.0530
    0.0869
    0.0763
    0.0866
    0.0861
    0.1007
    0.1318
    0.1878
    0.0860
    0.0857
    0.0778
    0.0979
    0.1522
    0.1620
    0.1066
    0.0665
   26.4157
   -0.0397

Elapsed time is 2664.500496 seconds.